#
# There is insufficient memory for the Java Runtime Environment to continue.
# Native memory allocation (malloc) failed to allocate 1399696 bytes for Chunk::new
# Possible reasons:
#   The system is out of physical RAM or swap space
#   In 32 bit mode, the process size limit was hit
# Possible solutions:
#   Reduce memory load on the system
#   Increase physical memory or swap space
#   Check if swap backing store is full
#   Use 64 bit Java on a 64 bit OS
#   Decrease Java heap size (-Xmx/-Xms)
#   Decrease number of Java threads
#   Decrease Java thread stack sizes (-Xss)
#   Set larger code cache with -XX:ReservedCodeCacheSize=
# This output file may be truncated or incomplete.
#
#  Out of Memory Error (allocation.cpp:390), pid=15480, tid=0x0000000000002a1c
#
# JRE version: OpenJDK Runtime Environment (8.0_152-b01) (build 1.8.0_152-release-1343-b01)
# Java VM: OpenJDK 64-Bit Server VM (25.152-b01 mixed mode windows-amd64 compressed oops)
# Failed to write core dump. Minidumps are not enabled by default on client versions of Windows
#

---------------  T H R E A D  ---------------

Current thread (0x0000000018d7d800):  JavaThread "C2 CompilerThread1" daemon [_thread_in_native, id=10780, stack(0x0000000019650000,0x0000000019750000)]

Stack: [0x0000000019650000,0x0000000019750000]
[error occurred during error reporting (printing stack bounds), id 0xc0000005]

Native frames: (J=compiled Java code, j=interpreted, Vv=VM code, C=native code)


Current CompileTask:
C2:2804577 27481       4       com.sun.tools.javac.file.JavacFileManager::listArchive (131 bytes)


---------------  P R O C E S S  ---------------

Java Threads: ( => current thread )
  0x000000001f3bc800 JavaThread "Cache worker for Java compile cache (D:\AndroidAppProjects\opus_app\.gradle\5.1.1\javaCompile)" [_thread_blocked, id=14040, stack(0x0000000038f30000,0x0000000039030000)]
  0x000000002088e800 JavaThread "Cache worker for execution history cache (D:\AndroidAppProjects\opus_app\.gradle\5.1.1\executionHistory)" [_thread_blocked, id=17588, stack(0x0000000038e30000,0x0000000038f30000)]
  0x0000000020891800 JavaThread "Execution worker for ':' Thread 7" [_thread_blocked, id=16120, stack(0x0000000038d30000,0x0000000038e30000)]
  0x0000000020891000 JavaThread "Execution worker for ':' Thread 6" [_thread_blocked, id=9108, stack(0x0000000038c30000,0x0000000038d30000)]
  0x0000000020895800 JavaThread "Execution worker for ':' Thread 5" [_thread_blocked, id=8104, stack(0x0000000038b30000,0x0000000038c30000)]
  0x0000000020894000 JavaThread "Execution worker for ':' Thread 4" [_thread_in_Java, id=17452, stack(0x0000000038a30000,0x0000000038b30000)]
  0x000000001d85e800 JavaThread "Execution worker for ':' Thread 3" [_thread_blocked, id=16932, stack(0x0000000038930000,0x0000000038a30000)]
  0x000000001d85d800 JavaThread "Execution worker for ':' Thread 2" [_thread_blocked, id=12896, stack(0x0000000038830000,0x0000000038930000)]
  0x000000001d862000 JavaThread "Execution worker for ':'" [_thread_blocked, id=14088, stack(0x0000000038730000,0x0000000038830000)]
  0x000000001d863800 JavaThread "Cache worker for file content cache (D:\AndroidAppProjects\opus_app\.gradle\5.1.1\fileContent)" [_thread_blocked, id=15604, stack(0x0000000038630000,0x0000000038730000)]
  0x000000001d863000 JavaThread "Cache worker for Build Output Cleanup Cache (D:\AndroidAppProjects\opus_app\.gradle\buildOutputCleanup)" [_thread_blocked, id=11096, stack(0x0000000038530000,0x0000000038630000)]
  0x000000001d861800 JavaThread "pool-26-thread-1" [_thread_blocked, id=5496, stack(0x0000000038430000,0x0000000038530000)]
  0x000000001d860800 JavaThread "Build operations Thread 8" [_thread_blocked, id=10656, stack(0x0000000038330000,0x0000000038430000)]
  0x000000001d85d000 JavaThread "Build operations Thread 7" [_thread_blocked, id=13100, stack(0x0000000038230000,0x0000000038330000)]
  0x000000001d85f000 JavaThread "Build operations Thread 6" [_thread_blocked, id=3428, stack(0x0000000038130000,0x0000000038230000)]
  0x000000001d855800 JavaThread "Build operations Thread 5" [_thread_blocked, id=2452, stack(0x0000000038030000,0x0000000038130000)]
  0x000000001d85a800 JavaThread "Build operations Thread 4" [_thread_blocked, id=5732, stack(0x0000000037f30000,0x0000000038030000)]
  0x000000001d85c000 JavaThread "Build operations Thread 3" [_thread_blocked, id=14880, stack(0x0000000037e30000,0x0000000037f30000)]
  0x000000001d856000 JavaThread "Build operations Thread 2" [_thread_blocked, id=11596, stack(0x0000000037d30000,0x0000000037e30000)]
  0x000000001d85a000 JavaThread "Build operations" [_thread_blocked, id=12940, stack(0x0000000037c30000,0x0000000037d30000)]
  0x000000001d859000 JavaThread "Cache worker for cache directory md-rule (C:\Users\ASUS\.gradle\caches\5.1.1\md-rule)" [_thread_blocked, id=18296, stack(0x0000000037b30000,0x0000000037c30000)]
  0x000000001d858800 JavaThread "Cache worker for cache directory md-supplier (C:\Users\ASUS\.gradle\caches\5.1.1\md-supplier)" [_thread_blocked, id=11164, stack(0x0000000037a30000,0x0000000037b30000)]
  0x000000001d857800 JavaThread "Cache worker for file hash cache (D:\AndroidAppProjects\opus_app\.gradle\5.1.1\fileHashes)" [_thread_blocked, id=3320, stack(0x0000000037930000,0x0000000037a30000)]
  0x000000001d857000 JavaThread "Thread-179" [_thread_blocked, id=2680, stack(0x0000000037830000,0x0000000037930000)]
  0x000000002978b000 JavaThread "Stdin handler" [_thread_blocked, id=13368, stack(0x0000000037730000,0x0000000037830000)]
  0x0000000029791000 JavaThread "Asynchronous log dispatcher for DefaultDaemonConnection: socket connection from /127.0.0.1:34778 to /127.0.0.1:35403" [_thread_blocked, id=13064, stack(0x0000000037630000,0x0000000037730000)]
  0x000000002978e000 JavaThread "Daemon worker Thread 7" [_thread_blocked, id=18220, stack(0x0000000037530000,0x0000000037630000)]
  0x000000002978e800 JavaThread "Cancel handler" [_thread_blocked, id=13260, stack(0x0000000037430000,0x0000000037530000)]
  0x000000002978a000 JavaThread "Handler for socket connection from /127.0.0.1:34778 to /127.0.0.1:35403" [_thread_in_native, id=12044, stack(0x0000000037330000,0x0000000037430000)]
  0x000000002978c800 JavaThread "Daemon Thread 7" [_thread_blocked, id=988, stack(0x0000000037230000,0x0000000037330000)]
  0x000000001f3bb800 JavaThread "MarlinRenderer Disposer" daemon [_thread_blocked, id=4020, stack(0x0000000034a30000,0x0000000034b30000)]
  0x000000001f3be000 JavaThread "Java2D Disposer" daemon [_thread_blocked, id=13432, stack(0x0000000034930000,0x0000000034a30000)]
  0x000000001d864800 JavaThread "Cache worker for Java compile cache (C:\Users\ASUS\.gradle\caches\5.1.1\javaCompile)" [_thread_blocked, id=16680, stack(0x000000002c630000,0x000000002c730000)]
  0x000000001f3ba000 JavaThread "Cache worker for file content cache (C:\Users\ASUS\.gradle\caches\5.1.1\fileContent)" [_thread_blocked, id=17592, stack(0x0000000025360000,0x0000000025460000)]
  0x000000001f3c1000 JavaThread "Memory manager" [_thread_blocked, id=8440, stack(0x0000000025260000,0x0000000025360000)]
  0x000000001b07a800 JavaThread "Cache worker for execution history cache (C:\Users\ASUS\.gradle\caches\5.1.1\executionHistory)" [_thread_blocked, id=14576, stack(0x0000000022510000,0x0000000022610000)]
  0x000000001b079000 JavaThread "Cache worker for journal cache (C:\Users\ASUS\.gradle\caches\journal-1)" [_thread_blocked, id=14196, stack(0x000000001c7a0000,0x000000001c8a0000)]
  0x000000001ad40800 JavaThread "File lock request listener" [_thread_in_native, id=1784, stack(0x000000001c6a0000,0x000000001c7a0000)]
  0x000000001ad40000 JavaThread "Cache worker for file hash cache (C:\Users\ASUS\.gradle\caches\5.1.1\fileHashes)" [_thread_blocked, id=5652, stack(0x000000001c5a0000,0x000000001c6a0000)]
  0x000000001aa42000 JavaThread "Daemon periodic checks" [_thread_blocked, id=6880, stack(0x000000001baa0000,0x000000001bba0000)]
  0x000000001aa40000 JavaThread "Incoming local TCP Connector on port 34778" [_thread_in_native, id=12332, stack(0x000000001b860000,0x000000001b960000)]
  0x0000000018e17000 JavaThread "Service Thread" daemon [_thread_blocked, id=592, stack(0x0000000019950000,0x0000000019a50000)]
  0x0000000018d84000 JavaThread "C1 CompilerThread3" daemon [_thread_blocked, id=11788, stack(0x0000000019850000,0x0000000019950000)]
  0x0000000018d80000 JavaThread "C2 CompilerThread2" daemon [_thread_in_native, id=17012, stack(0x0000000019750000,0x0000000019850000)]
=>0x0000000018d7d800 JavaThread "C2 CompilerThread1" daemon [_thread_in_native, id=10780, stack(0x0000000019650000,0x0000000019750000)]
  0x0000000018d7a800 JavaThread "C2 CompilerThread0" daemon [_thread_in_native, id=9688, stack(0x0000000019550000,0x0000000019650000)]
  0x0000000018d77000 JavaThread "Attach Listener" daemon [_thread_blocked, id=10204, stack(0x0000000019450000,0x0000000019550000)]
  0x0000000018d76000 JavaThread "Signal Dispatcher" daemon [_thread_blocked, id=4656, stack(0x0000000019350000,0x0000000019450000)]
  0x0000000018d70800 JavaThread "Finalizer" daemon [_thread_blocked, id=11948, stack(0x0000000019150000,0x0000000019250000)]
  0x0000000016e8c800 JavaThread "Reference Handler" daemon [_thread_blocked, id=12680, stack(0x0000000018c50000,0x0000000018d50000)]
  0x0000000002e6e000 JavaThread "main" [_thread_blocked, id=8564, stack(0x0000000002ed0000,0x0000000002fd0000)]

Other Threads:
  0x0000000016e87800 VMThread [stack: 0x0000000018b50000,0x0000000018c50000] [id=6420]
  0x0000000018e17800 WatcherThread [stack: 0x0000000019a50000,0x0000000019b50000] [id=18144]

VM state:not at safepoint (normal execution)

VM Mutex/Monitor currently owned by a thread: None

Heap:
 PSYoungGen      total 347648K, used 196570K [0x00000000e0000000, 0x0000000100000000, 0x0000000100000000)
  eden space 207872K, 70% used [0x00000000e0000000,0x00000000e8ed0b30,0x00000000ecb00000)
  from space 139776K, 36% used [0x00000000f7780000,0x00000000fa8a5db8,0x0000000100000000)
  to   space 158208K, 0% used [0x00000000ecb00000,0x00000000ecb00000,0x00000000f6580000)
 ParOldGen       total 394240K, used 230015K [0x00000000a0000000, 0x00000000b8100000, 0x00000000e0000000)
  object space 394240K, 58% used [0x00000000a0000000,0x00000000ae09ff40,0x00000000b8100000)
 Metaspace       used 105584K, capacity 109870K, committed 111128K, reserved 1146880K
  class space    used 12986K, capacity 13779K, committed 14104K, reserved 1048576K

Card table byte_map: [0x0000000012490000,0x00000000127a0000] byte_map_base: 0x0000000011f90000

Marking Bits: (ParMarkBitMap*) 0x0000000052285aa0
 Begin Bits: [0x00000000131a0000, 0x00000000149a0000)
 End Bits:   [0x00000000149a0000, 0x00000000161a0000)

Polling page: 0x0000000000df0000

CodeCache: size=245760Kb used=74969Kb max_used=75826Kb free=170790Kb
 bounds [0x00000000030d0000, 0x0000000007b80000, 0x00000000120d0000]
 total_blobs=21891 nmethods=20842 adapters=960
 compilation: enabled

Compilation events (10 events):
Event: 2804.535 Thread 0x0000000018d84000 27497   !   3       com.sun.tools.javac.jvm.ClassReader$AnnotationDeproxy::visitEnumAttributeProxy (229 bytes)
Event: 2804.536 Thread 0x0000000018d84000 nmethod 27497 0x0000000005e25350 code [0x0000000005e256c0, 0x0000000005e276d8]
Event: 2804.536 Thread 0x0000000018d84000 27499       3       com.sun.tools.javac.comp.Check::validateAnnotation (579 bytes)
Event: 2804.540 Thread 0x0000000018d84000 nmethod 27499 0x0000000006715cd0 code [0x00000000067163a0, 0x000000000671b428]
Event: 2804.540 Thread 0x0000000018d84000 27498       3       com.sun.tools.javac.jvm.ClassReader$ArrayAttributeProxy::accept (11 bytes)
Event: 2804.541 Thread 0x0000000018d84000 nmethod 27498 0x0000000004bcd050 code [0x0000000004bcd1c0, 0x0000000004bcd508]
Event: 2804.558 Thread 0x0000000018d84000 27501       3       com.sun.tools.javac.comp.Lower::makeAccessible (167 bytes)
Event: 2804.561 Thread 0x0000000018d84000 nmethod 27501 0x0000000005107390 code [0x00000000051076e0, 0x00000000051092d8]
Event: 2804.570 Thread 0x0000000018d84000 27503       3       com.sun.tools.javac.code.Types::isDerivedRaw (36 bytes)
Event: 2804.571 Thread 0x0000000018d84000 nmethod 27503 0x0000000004c92090 code [0x0000000004c92220, 0x0000000004c92828]

GC Heap History (10 events):
Event: 2705.380 GC heap before
{Heap before GC invocations=35 (full 5):
 PSYoungGen      total 346624K, used 80883K [0x00000000e0000000, 0x0000000100000000, 0x0000000100000000)
  eden space 265728K, 0% used [0x00000000e0000000,0x00000000e0000000,0x00000000f0380000)
  from space 80896K, 99% used [0x00000000f7a00000,0x00000000fc8fcd10,0x00000000fc900000)
  to   space 121344K, 0% used [0x00000000f0380000,0x00000000f0380000,0x00000000f7a00000)
 ParOldGen       total 236032K, used 208993K [0x00000000a0000000, 0x00000000ae680000, 0x00000000e0000000)
  object space 236032K, 88% used [0x00000000a0000000,0x00000000acc18518,0x00000000ae680000)
 Metaspace       used 105864K, capacity 110588K, committed 111128K, reserved 1146880K
  class space    used 13072K, capacity 13931K, committed 14104K, reserved 1048576K
Event: 2706.945 GC heap after
Heap after GC invocations=35 (full 5):
 PSYoungGen      total 346624K, used 0K [0x00000000e0000000, 0x0000000100000000, 0x0000000100000000)
  eden space 265728K, 0% used [0x00000000e0000000,0x00000000e0000000,0x00000000f0380000)
  from space 80896K, 0% used [0x00000000f7a00000,0x00000000f7a00000,0x00000000fc900000)
  to   space 121344K, 0% used [0x00000000f0380000,0x00000000f0380000,0x00000000f7a00000)
 ParOldGen       total 394240K, used 205013K [0x00000000a0000000, 0x00000000b8100000, 0x00000000e0000000)
  object space 394240K, 52% used [0x00000000a0000000,0x00000000ac8354a0,0x00000000b8100000)
 Metaspace       used 105096K, capacity 109296K, committed 111128K, reserved 1146880K
  class space    used 12942K, capacity 13726K, committed 14104K, reserved 1048576K
}
Event: 2707.537 GC heap before
{Heap before GC invocations=36 (full 5):
 PSYoungGen      total 346624K, used 265728K [0x00000000e0000000, 0x0000000100000000, 0x0000000100000000)
  eden space 265728K, 100% used [0x00000000e0000000,0x00000000f0380000,0x00000000f0380000)
  from space 80896K, 0% used [0x00000000f7a00000,0x00000000f7a00000,0x00000000fc900000)
  to   space 121344K, 0% used [0x00000000f0380000,0x00000000f0380000,0x00000000f7a00000)
 ParOldGen       total 394240K, used 205013K [0x00000000a0000000, 0x00000000b8100000, 0x00000000e0000000)
  object space 394240K, 52% used [0x00000000a0000000,0x00000000ac8354a0,0x00000000b8100000)
 Metaspace       used 105119K, capacity 109296K, committed 111128K, reserved 1146880K
  class space    used 12942K, capacity 13726K, committed 14104K, reserved 1048576K
Event: 2707.552 GC heap after
Heap after GC invocations=36 (full 5):
 PSYoungGen      total 387072K, used 39261K [0x00000000e0000000, 0x0000000100000000, 0x0000000100000000)
  eden space 265728K, 0% used [0x00000000e0000000,0x00000000e0000000,0x00000000f0380000)
  from space 121344K, 32% used [0x00000000f0380000,0x00000000f29d7688,0x00000000f7a00000)
  to   space 114688K, 0% used [0x00000000f9000000,0x00000000f9000000,0x0000000100000000)
 ParOldGen       total 394240K, used 205013K [0x00000000a0000000, 0x00000000b8100000, 0x00000000e0000000)
  object space 394240K, 52% used [0x00000000a0000000,0x00000000ac8354a0,0x00000000b8100000)
 Metaspace       used 105119K, capacity 109296K, committed 111128K, reserved 1146880K
  class space    used 12942K, capacity 13726K, committed 14104K, reserved 1048576K
}
Event: 2710.032 GC heap before
{Heap before GC invocations=37 (full 5):
 PSYoungGen      total 387072K, used 304989K [0x00000000e0000000, 0x0000000100000000, 0x0000000100000000)
  eden space 265728K, 100% used [0x00000000e0000000,0x00000000f0380000,0x00000000f0380000)
  from space 121344K, 32% used [0x00000000f0380000,0x00000000f29d7688,0x00000000f7a00000)
  to   space 114688K, 0% used [0x00000000f9000000,0x00000000f9000000,0x0000000100000000)
 ParOldGen       total 394240K, used 205013K [0x00000000a0000000, 0x00000000b8100000, 0x00000000e0000000)
  object space 394240K, 52% used [0x00000000a0000000,0x00000000ac8354a0,0x00000000b8100000)
 Metaspace       used 105192K, capacity 109360K, committed 111128K, reserved 1146880K
  class space    used 12942K, capacity 13726K, committed 14104K, reserved 1048576K
Event: 2710.404 GC heap after
Heap after GC invocations=37 (full 5):
 PSYoungGen      total 359424K, used 114672K [0x00000000e0000000, 0x0000000100000000, 0x0000000100000000)
  eden space 244736K, 0% used [0x00000000e0000000,0x00000000e0000000,0x00000000eef00000)
  from space 114688K, 99% used [0x00000000f9000000,0x00000000ffffc1f8,0x0000000100000000)
  to   space 139776K, 0% used [0x00000000eef00000,0x00000000eef00000,0x00000000f7780000)
 ParOldGen       total 394240K, used 222199K [0x00000000a0000000, 0x00000000b8100000, 0x00000000e0000000)
  object space 394240K, 56% used [0x00000000a0000000,0x00000000ad8fde90,0x00000000b8100000)
 Metaspace       used 105192K, capacity 109360K, committed 111128K, reserved 1146880K
  class space    used 12942K, capacity 13726K, committed 14104K, reserved 1048576K
}
Event: 2711.451 GC heap before
{Heap before GC invocations=38 (full 5):
 PSYoungGen      total 359424K, used 359408K [0x00000000e0000000, 0x0000000100000000, 0x0000000100000000)
  eden space 244736K, 100% used [0x00000000e0000000,0x00000000eef00000,0x00000000eef00000)
  from space 114688K, 99% used [0x00000000f9000000,0x00000000ffffc1f8,0x0000000100000000)
  to   space 139776K, 0% used [0x00000000eef00000,0x00000000eef00000,0x00000000f7780000)
 ParOldGen       total 394240K, used 222199K [0x00000000a0000000, 0x00000000b8100000, 0x00000000e0000000)
  object space 394240K, 56% used [0x00000000a0000000,0x00000000ad8fde90,0x00000000b8100000)
 Metaspace       used 105202K, capacity 109364K, committed 111128K, reserved 1146880K
  class space    used 12942K, capacity 13726K, committed 14104K, reserved 1048576K
Event: 2711.548 GC heap after
Heap after GC invocations=38 (full 5):
 PSYoungGen      total 384512K, used 139770K [0x00000000e0000000, 0x0000000100000000, 0x0000000100000000)
  eden space 244736K, 0% used [0x00000000e0000000,0x00000000e0000000,0x00000000eef00000)
  from space 139776K, 99% used [0x00000000eef00000,0x00000000f777ebf8,0x00000000f7780000)
  to   space 139776K, 0% used [0x00000000f7780000,0x00000000f7780000,0x0000000100000000)
 ParOldGen       total 394240K, used 230007K [0x00000000a0000000, 0x00000000b8100000, 0x00000000e0000000)
  object space 394240K, 58% used [0x00000000a0000000,0x00000000ae09df40,0x00000000b8100000)
 Metaspace       used 105202K, capacity 109364K, committed 111128K, reserved 1146880K
  class space    used 12942K, capacity 13726K, committed 14104K, reserved 1048576K
}
Event: 2800.753 GC heap before
{Heap before GC invocations=39 (full 5):
 PSYoungGen      total 384512K, used 384506K [0x00000000e0000000, 0x0000000100000000, 0x0000000100000000)
  eden space 244736K, 100% used [0x00000000e0000000,0x00000000eef00000,0x00000000eef00000)
  from space 139776K, 99% used [0x00000000eef00000,0x00000000f777ebf8,0x00000000f7780000)
  to   space 139776K, 0% used [0x00000000f7780000,0x00000000f7780000,0x0000000100000000)
 ParOldGen       total 394240K, used 230007K [0x00000000a0000000, 0x00000000b8100000, 0x00000000e0000000)
  object space 394240K, 58% used [0x00000000a0000000,0x00000000ae09df40,0x00000000b8100000)
 Metaspace       used 105504K, capacity 109780K, committed 111128K, reserved 1146880K
  class space    used 12978K, capacity 13764K, committed 14104K, reserved 1048576K
Event: 2800.798 GC heap after
Heap after GC invocations=39 (full 5):
 PSYoungGen      total 347648K, used 50327K [0x00000000e0000000, 0x0000000100000000, 0x0000000100000000)
  eden space 207872K, 0% used [0x00000000e0000000,0x00000000e0000000,0x00000000ecb00000)
  from space 139776K, 36% used [0x00000000f7780000,0x00000000fa8a5db8,0x0000000100000000)
  to   space 158208K, 0% used [0x00000000ecb00000,0x00000000ecb00000,0x00000000f6580000)
 ParOldGen       total 394240K, used 230015K [0x00000000a0000000, 0x00000000b8100000, 0x00000000e0000000)
  object space 394240K, 58% used [0x00000000a0000000,0x00000000ae09ff40,0x00000000b8100000)
 Metaspace       used 105504K, capacity 109780K, committed 111128K, reserved 1146880K
  class space    used 12978K, capacity 13764K, committed 14104K, reserved 1048576K
}

Deoptimization events (10 events):
Event: 2804.090 Thread 0x0000000020894000 Uncommon trap: reason=array_check action=maybe_recompile pc=0x000000000726e990 method=java.util.ComparableTimSort.mergeHi(IIII)V @ 245
Event: 2804.091 Thread 0x0000000020894000 Uncommon trap: reason=array_check action=maybe_recompile pc=0x000000000726ea08 method=java.util.ComparableTimSort.mergeHi(IIII)V @ 277
Event: 2804.092 Thread 0x0000000020894000 Uncommon trap: reason=array_check action=maybe_recompile pc=0x000000000726ea08 method=java.util.ComparableTimSort.mergeHi(IIII)V @ 277
Event: 2804.133 Thread 0x0000000020894000 Uncommon trap: reason=predicate action=maybe_recompile pc=0x0000000004e9bec8 method=java.util.ComparableTimSort.mergeHi(IIII)V @ 185
Event: 2804.212 Thread 0x0000000020894000 Uncommon trap: reason=array_check action=maybe_recompile pc=0x0000000004bb7b6c method=java.util.ComparableTimSort.mergeLo(IIII)V @ 81
Event: 2804.218 Thread 0x0000000020894000 Uncommon trap: reason=array_check action=maybe_recompile pc=0x0000000004bb7b6c method=java.util.ComparableTimSort.mergeLo(IIII)V @ 81
Event: 2804.218 Thread 0x0000000020894000 Uncommon trap: reason=array_check action=maybe_recompile pc=0x0000000004bb7b6c method=java.util.ComparableTimSort.mergeLo(IIII)V @ 81
Event: 2804.218 Thread 0x0000000020894000 Uncommon trap: reason=array_check action=maybe_recompile pc=0x0000000004bb7b6c method=java.util.ComparableTimSort.mergeLo(IIII)V @ 81
Event: 2804.251 Thread 0x0000000020894000 Uncommon trap: reason=array_check action=maybe_recompile pc=0x0000000007264f28 method=java.util.ComparableTimSort.mergeLo(IIII)V @ 240
Event: 2804.287 Thread 0x0000000020894000 Uncommon trap: reason=array_check action=maybe_recompile pc=0x0000000007264f28 method=java.util.ComparableTimSort.mergeLo(IIII)V @ 240

Classes redefined (0 events):
No events

Internal exceptions (10 events):
Event: 2720.622 Thread 0x000000002088e800 Implicit null exception at 0x000000000480383a to 0x0000000004806605
Event: 2720.623 Thread 0x000000001d85d000 Implicit null exception at 0x0000000003b9c1b8 to 0x0000000003b9c759
Event: 2720.623 Thread 0x000000002088e800 Exception <a 'java/lang/NoSuchMethodError': <clinit>> (0x00000000ebe5c4d8) thrown at [D:\src\AOSP-openjdk-cygwin\jdk8u\hotspot\src\share\vm\prims\jni.cpp, line 1613]
Event: 2720.626 Thread 0x000000002088e800 Exception <a 'java/lang/NoSuchMethodError': <clinit>> (0x00000000ebe6ecd8) thrown at [D:\src\AOSP-openjdk-cygwin\jdk8u\hotspot\src\share\vm\prims\jni.cpp, line 1613]
Event: 2720.630 Thread 0x0000000020897000 Exception <a 'java/lang/NoSuchMethodError': <clinit>> (0x00000000ebeb6190) thrown at [D:\src\AOSP-openjdk-cygwin\jdk8u\hotspot\src\share\vm\prims\jni.cpp, line 1613]
Event: 2720.631 Thread 0x0000000020897000 Exception <a 'java/lang/NoSuchMethodError': <clinit>> (0x00000000ebebf6a0) thrown at [D:\src\AOSP-openjdk-cygwin\jdk8u\hotspot\src\share\vm\prims\jni.cpp, line 1613]
Event: 2720.632 Thread 0x0000000020897000 Exception <a 'java/lang/NoSuchMethodError': <clinit>> (0x00000000ebecfeb8) thrown at [D:\src\AOSP-openjdk-cygwin\jdk8u\hotspot\src\share\vm\prims\jni.cpp, line 1613]
Event: 2720.680 Thread 0x0000000020891800 Implicit null exception at 0x000000000449d323 to 0x00000000044a473d
Event: 2796.749 Thread 0x000000002978e000 Exception <a 'sun/nio/fs/WindowsException'> (0x00000000ed2ca858) thrown at [D:\src\AOSP-openjdk-cygwin\jdk8u\hotspot\src\share\vm\prims\jni.cpp, line 709]
Event: 2796.754 Thread 0x000000002978e000 Exception <a 'sun/nio/fs/WindowsException'> (0x00000000ed2d72a0) thrown at [D:\src\AOSP-openjdk-cygwin\jdk8u\hotspot\src\share\vm\prims\jni.cpp, line 709]

Events (10 events):
Event: 2804.251 Thread 0x0000000020894000 DEOPT UNPACKING pc=0x000000000311557b sp=0x0000000038b2a640 mode 2
Event: 2804.287 Thread 0x0000000020894000 Uncommon trap: trap_request=0xffffffd6 fr.pc=0x0000000007264f28
Event: 2804.287 Thread 0x0000000020894000 DEOPT PACKING pc=0x0000000007264f28 sp=0x0000000038b2a640
Event: 2804.287 Thread 0x0000000020894000 DEOPT UNPACKING pc=0x000000000311557b sp=0x0000000038b2a640 mode 2
Event: 2804.544 Executing VM operation: ForceSafepoint
Event: 2804.545 Executing VM operation: ForceSafepoint done
Event: 2804.550 Thread 0x0000000020894000 DEOPT PACKING pc=0x00000000057f5161 sp=0x0000000038b296e0
Event: 2804.550 Thread 0x0000000020894000 DEOPT UNPACKING pc=0x00000000031175d0 sp=0x0000000038b294e0 mode 0
Event: 2804.555 Executing VM operation: ForceSafepoint
Event: 2804.558 Executing VM operation: ForceSafepoint done


Dynamic libraries:
0x00007ff710f30000 - 0x00007ff710f61000 	C:\Program Files\Android\Android Studio\jre\bin\java.exe
0x00007ffd0a150000 - 0x00007ffd0a33d000 	C:\WINDOWS\SYSTEM32\ntdll.dll
0x00007ffd09800000 - 0x00007ffd098b3000 	C:\WINDOWS\System32\KERNEL32.DLL
0x00007ffd06c10000 - 0x00007ffd06ea3000 	C:\WINDOWS\System32\KERNELBASE.dll
0x00007ffd096a0000 - 0x00007ffd09743000 	C:\WINDOWS\System32\ADVAPI32.dll
0x00007ffd07430000 - 0x00007ffd074ce000 	C:\WINDOWS\System32\msvcrt.dll
0x00007ffd07dd0000 - 0x00007ffd07e6e000 	C:\WINDOWS\System32\sechost.dll
0x00007ffd09cd0000 - 0x00007ffd09df2000 	C:\WINDOWS\System32\RPCRT4.dll
0x00007ffd07550000 - 0x00007ffd076e7000 	C:\WINDOWS\System32\USER32.dll
0x00007ffd064a0000 - 0x00007ffd064c0000 	C:\WINDOWS\System32\win32u.dll
0x00007ffd0a0f0000 - 0x00007ffd0a119000 	C:\WINDOWS\System32\GDI32.dll
0x00007ffd06280000 - 0x00007ffd0641a000 	C:\WINDOWS\System32\gdi32full.dll
0x00007ffd07140000 - 0x00007ffd071e0000 	C:\WINDOWS\System32\msvcp_win.dll
0x00007ffd07250000 - 0x00007ffd0734a000 	C:\WINDOWS\System32\ucrtbase.dll
0x00007ffcf8390000 - 0x00007ffcf8609000 	C:\WINDOWS\WinSxS\amd64_microsoft.windows.common-controls_6595b64144ccf1df_6.0.17763.503_none_05b23ef40721f4ae\COMCTL32.dll
0x00007ffd099a0000 - 0x00007ffd09ccc000 	C:\WINDOWS\System32\combase.dll
0x00007ffd06420000 - 0x00007ffd0649e000 	C:\WINDOWS\System32\bcryptPrimitives.dll
0x00007ffd09750000 - 0x00007ffd0977e000 	C:\WINDOWS\System32\IMM32.DLL
0x0000000052ed0000 - 0x0000000052fa2000 	C:\Program Files\Android\Android Studio\jre\jre\bin\msvcr100.dll
0x0000000051ac0000 - 0x0000000052301000 	C:\Program Files\Android\Android Studio\jre\jre\bin\server\jvm.dll
0x00007ffd07e70000 - 0x00007ffd07e78000 	C:\WINDOWS\System32\PSAPI.DLL
0x00007ffcff140000 - 0x00007ffcff164000 	C:\WINDOWS\SYSTEM32\WINMM.dll
0x00007ffcf3780000 - 0x00007ffcf3789000 	C:\WINDOWS\SYSTEM32\WSOCK32.dll
0x00007ffcffdd0000 - 0x00007ffcffdda000 	C:\WINDOWS\SYSTEM32\VERSION.dll
0x00007ffd09f50000 - 0x00007ffd09fbd000 	C:\WINDOWS\System32\WS2_32.dll
0x00007ffcff110000 - 0x00007ffcff13d000 	C:\WINDOWS\SYSTEM32\WINMMBASE.dll
0x00007ffd07200000 - 0x00007ffd0724a000 	C:\WINDOWS\System32\cfgmgr32.dll
0x00007ffd01880000 - 0x00007ffd0188f000 	C:\Program Files\Android\Android Studio\jre\jre\bin\verify.dll
0x00007ffcdedc0000 - 0x00007ffcdede9000 	C:\Program Files\Android\Android Studio\jre\jre\bin\java.dll
0x00007ffcfefb0000 - 0x00007ffcfefc6000 	C:\Program Files\Android\Android Studio\jre\jre\bin\zip.dll
0x00007ffd07fe0000 - 0x00007ffd094d0000 	C:\WINDOWS\System32\SHELL32.dll
0x00007ffd07380000 - 0x00007ffd07428000 	C:\WINDOWS\System32\shcore.dll
0x00007ffd064c0000 - 0x00007ffd06c0a000 	C:\WINDOWS\System32\windows.storage.dll
0x00007ffd061f0000 - 0x00007ffd06214000 	C:\WINDOWS\System32\profapi.dll
0x00007ffd06150000 - 0x00007ffd061ad000 	C:\WINDOWS\System32\powrprof.dll
0x00007ffd09790000 - 0x00007ffd097e2000 	C:\WINDOWS\System32\shlwapi.dll
0x00007ffd061d0000 - 0x00007ffd061e1000 	C:\WINDOWS\System32\kernel.appcore.dll
0x00007ffd071e0000 - 0x00007ffd071f7000 	C:\WINDOWS\System32\cryptsp.dll
0x00007ffcf1d10000 - 0x00007ffcf1d2a000 	C:\Program Files\Android\Android Studio\jre\jre\bin\net.dll
0x00007ffd05970000 - 0x00007ffd059d7000 	C:\WINDOWS\system32\mswsock.dll
0x00007ffcf1870000 - 0x00007ffcf1881000 	C:\Program Files\Android\Android Studio\jre\jre\bin\nio.dll
0x00007ffd01a00000 - 0x00007ffd01a1e000 	C:\Users\ASUS\.gradle\native\25\windows-amd64\native-platform.dll
0x00007ffd00870000 - 0x00007ffd0087d000 	C:\Program Files\Android\Android Studio\jre\jre\bin\management.dll
0x00007ffd05530000 - 0x00007ffd05563000 	C:\WINDOWS\system32\rsaenh.dll
0x00007ffd07350000 - 0x00007ffd07376000 	C:\WINDOWS\System32\bcrypt.dll
0x00007ffd06080000 - 0x00007ffd060a8000 	C:\WINDOWS\SYSTEM32\USERENV.dll
0x00007ffd05b40000 - 0x00007ffd05b4c000 	C:\WINDOWS\SYSTEM32\CRYPTBASE.dll
0x00007ffd056d0000 - 0x00007ffd0570d000 	C:\WINDOWS\SYSTEM32\IPHLPAPI.DLL
0x00007ffd09780000 - 0x00007ffd09788000 	C:\WINDOWS\System32\NSI.dll
0x00007ffcfe720000 - 0x00007ffcfe736000 	C:\WINDOWS\SYSTEM32\dhcpcsvc6.DLL
0x00007ffcfee50000 - 0x00007ffcfee6c000 	C:\WINDOWS\SYSTEM32\dhcpcsvc.DLL
0x00007ffd05710000 - 0x00007ffd057d6000 	C:\WINDOWS\SYSTEM32\DNSAPI.dll
0x00007ffcd91f0000 - 0x00007ffcd9214000 	C:\Program Files\Android\Android Studio\jre\jre\bin\sunec.dll
0x00007ffcf7fe0000 - 0x00007ffcf7fea000 	C:\Windows\System32\rasadhlp.dll
0x00007ffcf8960000 - 0x00007ffcf89d9000 	C:\WINDOWS\System32\fwpuclnt.dll
0x00007ffcf70a0000 - 0x00007ffcf70ab000 	C:\Program Files\Android\Android Studio\jre\jre\bin\sunmscapi.dll
0x00007ffd06f60000 - 0x00007ffd0713b000 	C:\WINDOWS\System32\CRYPT32.dll
0x00007ffd061b0000 - 0x00007ffd061c2000 	C:\WINDOWS\System32\MSASN1.dll
0x00007ffcc9bd0000 - 0x00007ffcc9d68000 	C:\Program Files\Android\Android Studio\jre\jre\bin\awt.dll
0x00007ffd09e80000 - 0x00007ffd09f44000 	C:\WINDOWS\System32\OLEAUT32.dll
0x00007ffd03550000 - 0x00007ffd03b0e000 	C:\WINDOWS\SYSTEM32\d2d1.dll
0x00007ffd042f0000 - 0x00007ffd0437c000 	C:\WINDOWS\SYSTEM32\apphelp.dll
0x00007ffd04860000 - 0x00007ffd0488e000 	C:\WINDOWS\system32\DWMAPI.DLL
0x00007ffd04580000 - 0x00007ffd0461c000 	C:\WINDOWS\system32\uxtheme.dll

VM Arguments:
jvm_args: -Xmx1536m -Dfile.encoding=windows-1252 -Duser.country=US -Duser.language=en -Duser.variant 
java_command: org.gradle.launcher.daemon.bootstrap.GradleDaemon 5.1.1
java_class_path (initial): C:\Users\ASUS\.gradle\wrapper\dists\gradle-5.1.1-all\97z1ksx6lirer3kbvdnh7jtjg\gradle-5.1.1\lib\gradle-launcher-5.1.1.jar
Launcher Type: SUN_STANDARD

Environment Variables:
PATH=C:\ProgramData\Oracle\Java\javapath;C:\Windows\system32;C:\Windows;C:\Windows\System32\Wbem;C:\Windows\System32\WindowsPowerShell\v1.0\;C:\Program Files (x86)\NVIDIA Corporation\PhysX\Common;C:\WINDOWS\system32;C:\WINDOWS;C:\WINDOWS\System32\Wbem;C:\WINDOWS\System32\WindowsPowerShell\v1.0\;C:\WINDOWS\System32\OpenSSH\;C:\Program Files\Microsoft SQL Server\110\Tools\Binn\;C:\Program Files (x86)\Microsoft SQL Server\Client SDK\ODBC\130\Tools\Binn\;C:\Program Files (x86)\Microsoft SQL Server\140\Tools\Binn\;C:\Program Files (x86)\Microsoft SQL Server\140\DTS\Binn\;C:\Program Files (x86)\Microsoft SQL Server\140\Tools\Binn\ManagementStudio\;C:\Program Files\Microsoft SQL Server\140\DTS\Binn\;C:\Program Files\Microsoft SQL Server\Client SDK\ODBC\130\Tools\Binn\;C:\Program Files\Microsoft SQL Server\140\Tools\Binn\;C:\xampp\php;C:\composer;C:\Python27;C:\Program Files\Intel\WiFi\bin\;C:\Program Files\Common Files\Intel\WirelessCommon\;C:\Program Files\Dart\dart-sdk\bin;C:\Program Files\Git\cmd;C:\Users\ASUS\AppData\Local\Microsoft\WindowsApps;C:\Users\ASUS\AppData\Roaming\Composer\vendor\bin;C:\Users\ASUS\AppData\Local\Programs\Microsoft VS Code Insiders\bin;
USERNAME=ASUS
OS=Windows_NT
PROCESSOR_IDENTIFIER=Intel64 Family 6 Model 142 Stepping 10, GenuineIntel



---------------  S Y S T E M  ---------------

OS: Windows 10.0 , 64 bit Build 17763 (10.0.17763.475)

CPU:total 8 (initial active 8) (4 cores per cpu, 2 threads per core) family 6 model 142 stepping 10, cmov, cx8, fxsr, mmx, sse, sse2, sse3, ssse3, sse4.1, sse4.2, popcnt, avx, avx2, aes, clmul, erms, 3dnowpref, lzcnt, ht, tsc, tscinvbit, bmi1, bmi2, adx

Memory: 4k page, physical 8268592k(419992k free), swap 33434416k(10724k free)

vm_info: OpenJDK 64-Bit Server VM (25.152-b01) for windows-amd64 JRE (1.8.0_152-release-1343-b01), built by "builder" with MS VC++ 10.0 (VS2010)

time: Sun Jun 02 16:36:41 2019
elapsed time: 2804 seconds (0d 0h 46m 44s)

